\BOOKMARK [-1][]{ctitle.-1}{基于语义影响范围分析的补丁兼容性分析}{}% 1
\BOOKMARK [0][]{thuchapter.1.0}{摘 要}{ctitle.-1}% 2
\BOOKMARK [0][]{thuchapter.2.0}{Abstract}{ctitle.-1}% 3
\BOOKMARK [0][]{thuchapter.3.0}{目 录}{ctitle.-1}% 4
\BOOKMARK [0][]{chapter.1}{第 1 章 绪论}{ctitle.-1}% 5
\BOOKMARK [1][-]{section.1.1}{1.1 研究背景和意义}{chapter.1}% 6
\BOOKMARK [1][-]{section.1.2}{1.2 本文所要解决的问题与主要工作}{chapter.1}% 7
\BOOKMARK [1][-]{section.1.3}{1.3 本文组织结构}{chapter.1}% 8
\BOOKMARK [0][]{chapter.2}{第 2 章 相关工作}{ctitle.-1}% 9
\BOOKMARK [1][-]{section.2.1}{2.1 软件演进}{chapter.2}% 10
\BOOKMARK [1][-]{section.2.2}{2.2 程序间差异分析}{chapter.2}% 11
\BOOKMARK [1][-]{section.2.3}{2.3 程序变更影响分析}{chapter.2}% 12
\BOOKMARK [1][-]{section.2.4}{2.4 相关工具}{chapter.2}% 13
\BOOKMARK [2][-]{subsection.2.4.1}{2.4.1\040git}{section.2.4}% 14
\BOOKMARK [2][-]{subsection.2.4.2}{2.4.2\040Beyond\040Compare}{section.2.4}% 15
\BOOKMARK [2][-]{subsection.2.4.3}{2.4.3\040jpf-regression}{section.2.4}% 16
\BOOKMARK [2][-]{subsection.2.4.4}{2.4.4\040ASTro}{section.2.4}% 17
\BOOKMARK [0][]{chapter.3}{第 3 章 分析方法}{ctitle.-1}% 18
\BOOKMARK [1][-]{section.3.1}{3.1 问题定义}{chapter.3}% 19
\BOOKMARK [2][-]{subsection.3.1.1}{3.1.1 补丁版本迁移}{section.3.1}% 20
\BOOKMARK [2][-]{subsection.3.1.2}{3.1.2 语义影响范围分析}{section.3.1}% 21
\BOOKMARK [2][-]{subsection.3.1.3}{3.1.3 兼容性分析}{section.3.1}% 22
\BOOKMARK [1][-]{section.3.2}{3.2 应用场景}{chapter.3}% 23
\BOOKMARK [1][-]{section.3.3}{3.3 解决方案}{chapter.3}% 24
\BOOKMARK [2][-]{subsection.3.3.1}{3.3.1 补丁版本迁移}{section.3.3}% 25
\BOOKMARK [2][-]{subsection.3.3.2}{3.3.2 语义影响范围分析}{section.3.3}% 26
\BOOKMARK [3][-]{subsubsection.3.3.2.1}{3.3.2.1 程序差异性分析}{subsection.3.3.2}% 27
\BOOKMARK [3][-]{subsubsection.3.3.2.2}{3.3.2.2 变更影响分析}{subsection.3.3.2}% 28
\BOOKMARK [2][-]{subsection.3.3.3}{3.3.3 兼容性分析}{section.3.3}% 29
\BOOKMARK [2][-]{subsection.3.3.4}{3.3.4 整体流程}{section.3.3}% 30
\BOOKMARK [0][]{chapter.4}{第 4 章 方法实现}{ctitle.-1}% 31
\BOOKMARK [1][-]{section.4.1}{4.1 补丁版本迁移}{chapter.4}% 32
\BOOKMARK [1][-]{section.4.2}{4.2 语义影响范围分析}{chapter.4}% 33
\BOOKMARK [2][-]{subsection.4.2.1}{4.2.1 程序间差异分析}{section.4.2}% 34
\BOOKMARK [2][-]{subsection.4.2.2}{4.2.2 变更影响分析}{section.4.2}% 35
\BOOKMARK [1][-]{section.4.3}{4.3 兼容性分析}{chapter.4}% 36
\BOOKMARK [0][]{chapter.5}{第 5 章 兼容性分析算法}{ctitle.-1}% 37
\BOOKMARK [0][]{chapter.6}{第 6 章 实验}{ctitle.-1}% 38
\BOOKMARK [1][-]{section.6.1}{6.1 补丁版本迁移}{chapter.6}% 39
\BOOKMARK [1][-]{section.6.2}{6.2 语义影响范围分析}{chapter.6}% 40
\BOOKMARK [2][-]{subsection.6.2.1}{6.2.1 程序间差异性分析}{section.6.2}% 41
\BOOKMARK [2][-]{subsection.6.2.2}{6.2.2 变更影响分析}{section.6.2}% 42
\BOOKMARK [1][-]{section.6.3}{6.3 兼容性分析}{chapter.6}% 43
\BOOKMARK [1][-]{section.6.4}{6.4 结论}{chapter.6}% 44
\BOOKMARK [0][]{chapter.7}{第 7 章 结论}{ctitle.-1}% 45
\BOOKMARK [1][-]{section.7.1}{7.1 工作总结}{chapter.7}% 46
\BOOKMARK [1][-]{section.7.2}{7.2 未来工作}{chapter.7}% 47
\BOOKMARK [0][]{section*.27}{参考文献}{ctitle.-1}% 48
\BOOKMARK [0][]{section*.29}{致 谢}{ctitle.-1}% 49
\BOOKMARK [0][]{section*.31}{声 明}{ctitle.-1}% 50
